<?xml version="1.0" encoding="UTF-8"?>
<testsuite name="liebman.plants.PlantServiceTest" tests="1" skipped="0" failures="0" errors="0" timestamp="2020-05-07T23:53:23" hostname="Dell-3000" time="3.492">
  <properties/>
  <testcase name="getSpecies" classname="liebman.plants.PlantServiceTest" time="3.492"/>
  <system-out><![CDATA[]]></system-out>
  <system-err><![CDATA[]]></system-err>
</testsuite>
